Using pre-set license
Built from '2020.3/staging' branch; Version is '2020.3.11f1 (99c7afb366b3) revision 10078127'; Using compiler version '192528614'; Build Type 'Release'
OS: 'Windows 10 Home; OS build 19042.1052; Version 2009; 64bit' Language: 'en' Physical Memory: 32667 MB
BatchMode: 1, IsHumanControllingUs: 0, StartBugReporterOnCrash: 0, Is64bit: 1, IsPro: 0

 COMMAND LINE ARGUMENTS:
E:\Unity Projects\2020.3.11f1\Editor\Unity.exe
-adb2
-batchMode
-noUpm
-name
AssetImportWorker0
-projectPath
E:/Repo/My game with load and save/MyGameWithLoadAndSave/Highway Madness
-logFile
Logs/AssetImportWorker0.log
-srvPort
63413
Successfully changed project path to: E:/Repo/My game with load and save/MyGameWithLoadAndSave/Highway Madness
E:/Repo/My game with load and save/MyGameWithLoadAndSave/Highway Madness
Using Asset Import Pipeline V2.
Refreshing native plugins compatible for Editor in 29.41 ms, found 2 plugins.
Preloading 0 native plugins for Editor in 0.00 ms.
Initialize engine version: 2020.3.11f1 (99c7afb366b3)
[Subsystems] Discovering subsystems at path E:/Unity Projects/2020.3.11f1/Editor/Data/Resources/UnitySubsystems
[Subsystems] Discovering subsystems at path E:/Repo/My game with load and save/MyGameWithLoadAndSave/Highway Madness/Assets
GfxDevice: creating device client; threaded=0
Direct3D:
    Version:  Direct3D 11.0 [level 11.1]
    Renderer: NVIDIA GeForce GTX 1080 Ti (ID=0x1b06)
    Vendor:   
    VRAM:     11127 MB
    Driver:   27.21.14.6677
Initialize mono
Mono path[0] = 'E:/Unity Projects/2020.3.11f1/Editor/Data/Managed'
Mono path[1] = 'E:/Unity Projects/2020.3.11f1/Editor/Data/MonoBleedingEdge/lib/mono/unityjit'
Mono config path = 'E:/Unity Projects/2020.3.11f1/Editor/Data/MonoBleedingEdge/etc'
Using monoOptions --debugger-agent=transport=dt_socket,embedding=1,server=y,suspend=n,address=127.0.0.1:56452
Begin MonoManager ReloadAssembly
Registering precompiled unity dll's ...
Register platform support module: E:/Unity Projects/2020.3.11f1/Editor/Data/PlaybackEngines/WebGLSupport/UnityEditor.WebGL.Extensions.dll
Register platform support module: E:/Unity Projects/2020.3.11f1/Editor/Data/PlaybackEngines/WindowsStandaloneSupport/UnityEditor.WindowsStandalone.Extensions.dll
Registered in 0.001108 seconds.
Native extension for WindowsStandalone target not found
Native extension for WebGL target not found
Refreshing native plugins compatible for Editor in 27.76 ms, found 2 plugins.
Preloading 0 native plugins for Editor in 0.00 ms.
Mono: successfully reloaded assembly
- Completed reload, in  0.810 seconds
Platform modules already initialized, skipping
Registering precompiled user dll's ...
Registered in 0.002438 seconds.
Begin MonoManager ReloadAssembly
Native extension for WindowsStandalone target not found
Native extension for WebGL target not found
Refreshing native plugins compatible for Editor in 0.32 ms, found 2 plugins.
Preloading 0 native plugins for Editor in 0.00 ms.
Mono: successfully reloaded assembly
- Completed reload, in  0.856 seconds
Platform modules already initialized, skipping
========================================================================
Worker process is ready to serve import requests
Launched and connected shader compiler UnityShaderCompiler.exe after 0.04 seconds
Refreshing native plugins compatible for Editor in 0.35 ms, found 2 plugins.
Preloading 0 native plugins for Editor in 0.00 ms.
Unloading 1529 Unused Serialized files (Serialized files now loaded: 0)
System memory in use before: 78.4 MB.
System memory in use after: 78.4 MB.

Unloading 19 unused Assets to reduce memory usage. Loaded Objects now: 1968.
Total: 1.798700 ms (FindLiveObjects: 0.150500 ms CreateObjectMapping: 0.036000 ms MarkObjects: 1.533200 ms  DeleteObjects: 0.078000 ms)

========================================================================
Received Import Request.
  path: Assets/Scripts/SaveAndLoadHighScore.cs
  artifactKey: Guid(d8c20eee2f621da4bb44f6aef5dd42c0) Importer(815301076,1909f56bfc062723c751e8b465ee728b)
Start importing Assets/Scripts/SaveAndLoadHighScore.cs using Guid(d8c20eee2f621da4bb44f6aef5dd42c0) Importer(815301076,1909f56bfc062723c751e8b465ee728b)  -> (artifact id: 'cc1c3c5a8ce2589938b2b39810ca37ca') in 0.026951 seconds
  Import took 0.029417 seconds .

========================================================================
Received Import Request.
  Time since last request: 25.600234 seconds.
  path: Assets/Scripts/SaveAndLoadHighScore.cs
  artifactKey: Guid(d8c20eee2f621da4bb44f6aef5dd42c0) Importer(815301076,1909f56bfc062723c751e8b465ee728b)
Start importing Assets/Scripts/SaveAndLoadHighScore.cs using Guid(d8c20eee2f621da4bb44f6aef5dd42c0) Importer(815301076,1909f56bfc062723c751e8b465ee728b)  -> (artifact id: '1480e8971980ac04f535a8b21603dd70') in 0.001430 seconds
  Import took 0.003787 seconds .

========================================================================
Received Import Request.
  Time since last request: 0.000753 seconds.
  path: Assets/Scripts/SaveAndLoadHighScore.cs
  artifactKey: Guid(d8c20eee2f621da4bb44f6aef5dd42c0) Importer(815301076,1909f56bfc062723c751e8b465ee728b)
Start importing Assets/Scripts/SaveAndLoadHighScore.cs using Guid(d8c20eee2f621da4bb44f6aef5dd42c0) Importer(815301076,1909f56bfc062723c751e8b465ee728b)  -> (artifact id: '1480e8971980ac04f535a8b21603dd70') in 0.001307 seconds
  Import took 0.004161 seconds .

========================================================================
Received Import Request.
  Time since last request: 18.493251 seconds.
  path: Assets/Scripts/SaveAndLoadHighScore.cs
  artifactKey: Guid(d8c20eee2f621da4bb44f6aef5dd42c0) Importer(815301076,1909f56bfc062723c751e8b465ee728b)
Start importing Assets/Scripts/SaveAndLoadHighScore.cs using Guid(d8c20eee2f621da4bb44f6aef5dd42c0) Importer(815301076,1909f56bfc062723c751e8b465ee728b)  -> (artifact id: '3e027188614cf7584d422c81146bfc1f') in 0.001435 seconds
  Import took 0.003568 seconds .

========================================================================
Received Import Request.
  Time since last request: 0.001184 seconds.
  path: Assets/Scripts/SaveAndLoadHighScore.cs
  artifactKey: Guid(d8c20eee2f621da4bb44f6aef5dd42c0) Importer(815301076,1909f56bfc062723c751e8b465ee728b)
Start importing Assets/Scripts/SaveAndLoadHighScore.cs using Guid(d8c20eee2f621da4bb44f6aef5dd42c0) Importer(815301076,1909f56bfc062723c751e8b465ee728b)  -> (artifact id: '3e027188614cf7584d422c81146bfc1f') in 0.001418 seconds
  Import took 0.027935 seconds .

========================================================================
Received Prepare
Registering precompiled user dll's ...
Registered in 0.003551 seconds.
Begin MonoManager ReloadAssembly
Native extension for WindowsStandalone target not found
Native extension for WebGL target not found
Refreshing native plugins compatible for Editor in 0.34 ms, found 2 plugins.
Preloading 0 native plugins for Editor in 0.00 ms.
Mono: successfully reloaded assembly
- Completed reload, in  0.796 seconds
Platform modules already initialized, skipping
Refreshing native plugins compatible for Editor in 0.35 ms, found 2 plugins.
Preloading 0 native plugins for Editor in 0.00 ms.
Unloading 1483 Unused Serialized files (Serialized files now loaded: 0)
System memory in use before: 74.3 MB.
System memory in use after: 74.4 MB.

Unloading 14 unused Assets to reduce memory usage. Loaded Objects now: 1971.
Total: 2.150000 ms (FindLiveObjects: 0.148900 ms CreateObjectMapping: 0.037700 ms MarkObjects: 1.905900 ms  DeleteObjects: 0.056500 ms)

========================================================================
Received Prepare
Registering precompiled user dll's ...
Registered in 0.002619 seconds.
Begin MonoManager ReloadAssembly
Native extension for WindowsStandalone target not found
Native extension for WebGL target not found
Refreshing native plugins compatible for Editor in 0.33 ms, found 2 plugins.
Preloading 0 native plugins for Editor in 0.00 ms.
Mono: successfully reloaded assembly
- Completed reload, in  0.798 seconds
Platform modules already initialized, skipping
Refreshing native plugins compatible for Editor in 0.33 ms, found 2 plugins.
Preloading 0 native plugins for Editor in 0.00 ms.
Unloading 1483 Unused Serialized files (Serialized files now loaded: 0)
System memory in use before: 74.3 MB.
System memory in use after: 74.4 MB.

Unloading 14 unused Assets to reduce memory usage. Loaded Objects now: 1974.
Total: 2.085300 ms (FindLiveObjects: 0.147600 ms CreateObjectMapping: 0.033400 ms MarkObjects: 1.847300 ms  DeleteObjects: 0.056400 ms)

========================================================================
Received Import Request.
  Time since last request: 114.727339 seconds.
  path: Assets/Scripts/SaveAndLoadHighScore.cs
  artifactKey: Guid(d8c20eee2f621da4bb44f6aef5dd42c0) Importer(815301076,1909f56bfc062723c751e8b465ee728b)
Start importing Assets/Scripts/SaveAndLoadHighScore.cs using Guid(d8c20eee2f621da4bb44f6aef5dd42c0) Importer(815301076,1909f56bfc062723c751e8b465ee728b)  -> (artifact id: '6561d0856564eca8e99f397db287d7d5') in 0.003871 seconds
  Import took 0.005877 seconds .

========================================================================
Received Prepare
Registering precompiled user dll's ...
Registered in 0.003672 seconds.
Begin MonoManager ReloadAssembly
Native extension for WindowsStandalone target not found
Native extension for WebGL target not found
Refreshing native plugins compatible for Editor in 0.33 ms, found 2 plugins.
Preloading 0 native plugins for Editor in 0.00 ms.
Mono: successfully reloaded assembly
- Completed reload, in  0.799 seconds
Platform modules already initialized, skipping
Refreshing native plugins compatible for Editor in 0.33 ms, found 2 plugins.
Preloading 0 native plugins for Editor in 0.00 ms.
Unloading 1483 Unused Serialized files (Serialized files now loaded: 0)
System memory in use before: 74.3 MB.
System memory in use after: 74.4 MB.

Unloading 14 unused Assets to reduce memory usage. Loaded Objects now: 1977.
Total: 2.312000 ms (FindLiveObjects: 0.138900 ms CreateObjectMapping: 0.036000 ms MarkObjects: 2.073300 ms  DeleteObjects: 0.062900 ms)

========================================================================
Received Import Request.
  Time since last request: 1009.560619 seconds.
  path: Assets/Scenes/Game.unity
  artifactKey: Guid(452b150d92c66c34b858e9ecccd6d78b) Importer(815301076,1909f56bfc062723c751e8b465ee728b)
Start importing Assets/Scenes/Game.unity using Guid(452b150d92c66c34b858e9ecccd6d78b) Importer(815301076,1909f56bfc062723c751e8b465ee728b)  -> (artifact id: 'ca339fcc53538637472ecccedf287a36') in 0.027079 seconds
  Import took 0.029738 seconds .

AssetImportWorkerClient::OnTransportError - code=2 error=End of file
