Using pre-set license
Built from '2020.3/staging' branch; Version is '2020.3.11f1 (99c7afb366b3) revision 10078127'; Using compiler version '192528614'; Build Type 'Release'
OS: 'Windows 10 Home; OS build 19042.1052; Version 2009; 64bit' Language: 'en' Physical Memory: 32667 MB
BatchMode: 1, IsHumanControllingUs: 0, StartBugReporterOnCrash: 0, Is64bit: 1, IsPro: 0

 COMMAND LINE ARGUMENTS:
E:\Unity Projects\2020.3.11f1\Editor\Unity.exe
-adb2
-batchMode
-noUpm
-name
AssetImportWorker0
-projectPath
E:/Repo/My game with load and save/MyGameWithLoadAndSave/Highway Madness
-logFile
Logs/AssetImportWorker0.log
-srvPort
53705
Successfully changed project path to: E:/Repo/My game with load and save/MyGameWithLoadAndSave/Highway Madness
E:/Repo/My game with load and save/MyGameWithLoadAndSave/Highway Madness
Using Asset Import Pipeline V2.
Refreshing native plugins compatible for Editor in 30.68 ms, found 2 plugins.
Preloading 0 native plugins for Editor in 0.00 ms.
Initialize engine version: 2020.3.11f1 (99c7afb366b3)
[Subsystems] Discovering subsystems at path E:/Unity Projects/2020.3.11f1/Editor/Data/Resources/UnitySubsystems
[Subsystems] Discovering subsystems at path E:/Repo/My game with load and save/MyGameWithLoadAndSave/Highway Madness/Assets
GfxDevice: creating device client; threaded=0
Direct3D:
    Version:  Direct3D 11.0 [level 11.1]
    Renderer: NVIDIA GeForce GTX 1080 Ti (ID=0x1b06)
    Vendor:   
    VRAM:     11127 MB
    Driver:   27.21.14.6677
Initialize mono
Mono path[0] = 'E:/Unity Projects/2020.3.11f1/Editor/Data/Managed'
Mono path[1] = 'E:/Unity Projects/2020.3.11f1/Editor/Data/MonoBleedingEdge/lib/mono/unityjit'
Mono config path = 'E:/Unity Projects/2020.3.11f1/Editor/Data/MonoBleedingEdge/etc'
Using monoOptions --debugger-agent=transport=dt_socket,embedding=1,server=y,suspend=n,address=127.0.0.1:56500
Begin MonoManager ReloadAssembly
Registering precompiled unity dll's ...
Register platform support module: E:/Unity Projects/2020.3.11f1/Editor/Data/PlaybackEngines/WebGLSupport/UnityEditor.WebGL.Extensions.dll
Register platform support module: E:/Unity Projects/2020.3.11f1/Editor/Data/PlaybackEngines/WindowsStandaloneSupport/UnityEditor.WindowsStandalone.Extensions.dll
Registered in 0.001122 seconds.
Native extension for WindowsStandalone target not found
Native extension for WebGL target not found
Refreshing native plugins compatible for Editor in 38.86 ms, found 2 plugins.
Preloading 0 native plugins for Editor in 0.00 ms.
Mono: successfully reloaded assembly
- Completed reload, in  1.021 seconds
Platform modules already initialized, skipping
Registering precompiled user dll's ...
Registered in 0.002449 seconds.
Begin MonoManager ReloadAssembly
Native extension for WindowsStandalone target not found
Native extension for WebGL target not found
Refreshing native plugins compatible for Editor in 0.64 ms, found 2 plugins.
Preloading 0 native plugins for Editor in 0.00 ms.
Mono: successfully reloaded assembly
- Completed reload, in  1.073 seconds
Platform modules already initialized, skipping
========================================================================
Worker process is ready to serve import requests
Launched and connected shader compiler UnityShaderCompiler.exe after 0.04 seconds
Refreshing native plugins compatible for Editor in 0.53 ms, found 2 plugins.
Preloading 0 native plugins for Editor in 0.00 ms.
Unloading 1526 Unused Serialized files (Serialized files now loaded: 0)
System memory in use before: 78.1 MB.
System memory in use after: 78.1 MB.

Unloading 19 unused Assets to reduce memory usage. Loaded Objects now: 1965.
Total: 1.765900 ms (FindLiveObjects: 0.176200 ms CreateObjectMapping: 0.061900 ms MarkObjects: 1.444500 ms  DeleteObjects: 0.082200 ms)

========================================================================
Received Import Request.
  path: Assets/Scripts/PlayerControl.cs
  artifactKey: Guid(a0bef8d3561c3bb4ba5dd09bd362d35a) Importer(815301076,1909f56bfc062723c751e8b465ee728b)
Start importing Assets/Scripts/PlayerControl.cs using Guid(a0bef8d3561c3bb4ba5dd09bd362d35a) Importer(815301076,1909f56bfc062723c751e8b465ee728b)  -> (artifact id: '0f6dd9d1e7e9c850845c7960faeba2ac') in 0.024570 seconds
  Import took 0.027376 seconds .

========================================================================
Received Import Request.
  Time since last request: 142.047161 seconds.
  path: Assets/Scripts/PlayerControl.cs
  artifactKey: Guid(a0bef8d3561c3bb4ba5dd09bd362d35a) Importer(815301076,1909f56bfc062723c751e8b465ee728b)
Start importing Assets/Scripts/PlayerControl.cs using Guid(a0bef8d3561c3bb4ba5dd09bd362d35a) Importer(815301076,1909f56bfc062723c751e8b465ee728b)  -> (artifact id: '17026825bf6273a769affe4a83ffb42b') in 0.001893 seconds
  Import took 0.005494 seconds .

========================================================================
Received Import Request.
  Time since last request: 0.000982 seconds.
  path: Assets/Scripts/PlayerControl.cs
  artifactKey: Guid(a0bef8d3561c3bb4ba5dd09bd362d35a) Importer(815301076,1909f56bfc062723c751e8b465ee728b)
Start importing Assets/Scripts/PlayerControl.cs using Guid(a0bef8d3561c3bb4ba5dd09bd362d35a) Importer(815301076,1909f56bfc062723c751e8b465ee728b)  -> (artifact id: '17026825bf6273a769affe4a83ffb42b') in 0.001939 seconds
  Import took 0.004423 seconds .

========================================================================
Received Prepare
Registering precompiled user dll's ...
Registered in 0.002308 seconds.
Begin MonoManager ReloadAssembly
Native extension for WindowsStandalone target not found
Native extension for WebGL target not found
Refreshing native plugins compatible for Editor in 0.34 ms, found 2 plugins.
Preloading 0 native plugins for Editor in 0.00 ms.
Mono: successfully reloaded assembly
- Completed reload, in  0.864 seconds
Platform modules already initialized, skipping
Refreshing native plugins compatible for Editor in 0.41 ms, found 2 plugins.
Preloading 0 native plugins for Editor in 0.00 ms.
Unloading 1480 Unused Serialized files (Serialized files now loaded: 0)
System memory in use before: 74.0 MB.
System memory in use after: 74.1 MB.

Unloading 14 unused Assets to reduce memory usage. Loaded Objects now: 1968.
Total: 1.773100 ms (FindLiveObjects: 0.152700 ms CreateObjectMapping: 0.035600 ms MarkObjects: 1.529300 ms  DeleteObjects: 0.054600 ms)

========================================================================
Received Prepare
Registering precompiled user dll's ...
Registered in 0.004177 seconds.
Begin MonoManager ReloadAssembly
Native extension for WindowsStandalone target not found
Native extension for WebGL target not found
Refreshing native plugins compatible for Editor in 0.34 ms, found 2 plugins.
Preloading 0 native plugins for Editor in 0.00 ms.
Mono: successfully reloaded assembly
- Completed reload, in  0.834 seconds
Platform modules already initialized, skipping
Refreshing native plugins compatible for Editor in 0.38 ms, found 2 plugins.
Preloading 0 native plugins for Editor in 0.00 ms.
Unloading 1480 Unused Serialized files (Serialized files now loaded: 0)
System memory in use before: 74.0 MB.
System memory in use after: 74.1 MB.

Unloading 14 unused Assets to reduce memory usage. Loaded Objects now: 1971.
Total: 1.821500 ms (FindLiveObjects: 0.146800 ms CreateObjectMapping: 0.036400 ms MarkObjects: 1.579300 ms  DeleteObjects: 0.058200 ms)

========================================================================
Received Import Request.
  Time since last request: 84.997606 seconds.
  path: Assets/Scripts/PlayerControl.cs
  artifactKey: Guid(a0bef8d3561c3bb4ba5dd09bd362d35a) Importer(815301076,1909f56bfc062723c751e8b465ee728b)
Start importing Assets/Scripts/PlayerControl.cs using Guid(a0bef8d3561c3bb4ba5dd09bd362d35a) Importer(815301076,1909f56bfc062723c751e8b465ee728b)  -> (artifact id: 'd75b726ffa1fd7c7746229b74f02ffaa') in 0.003041 seconds
  Import took 0.005166 seconds .

========================================================================
Received Import Request.
  Time since last request: 2.648480 seconds.
  path: Assets/Scripts/GameManager.cs
  artifactKey: Guid(f79c90b7f53975740a5fda4596323b06) Importer(815301076,1909f56bfc062723c751e8b465ee728b)
Start importing Assets/Scripts/GameManager.cs using Guid(f79c90b7f53975740a5fda4596323b06) Importer(815301076,1909f56bfc062723c751e8b465ee728b)  -> (artifact id: 'fdb74f0887f733da1779e491d356b373') in 0.001453 seconds
  Import took 0.003567 seconds .

========================================================================
Received Import Request.
  Time since last request: 0.048056 seconds.
  path: Assets/Scripts/GameManager.cs
  artifactKey: Guid(f79c90b7f53975740a5fda4596323b06) Importer(815301076,1909f56bfc062723c751e8b465ee728b)
Start importing Assets/Scripts/GameManager.cs using Guid(f79c90b7f53975740a5fda4596323b06) Importer(815301076,1909f56bfc062723c751e8b465ee728b)  -> (artifact id: 'fdb74f0887f733da1779e491d356b373') in 0.001328 seconds
  Import took 0.003738 seconds .

========================================================================
Received Import Request.
  Time since last request: 105.159675 seconds.
  path: Assets/Prefabs/BLUE CAR.prefab
  artifactKey: Guid(1cbb080807139094cb5b7bb4d9cf1e21) Importer(815301076,1909f56bfc062723c751e8b465ee728b)
Start importing Assets/Prefabs/BLUE CAR.prefab using Guid(1cbb080807139094cb5b7bb4d9cf1e21) Importer(815301076,1909f56bfc062723c751e8b465ee728b)  -> (artifact id: '8504456b1424c78d6551c37ef121d157') in 0.086634 seconds
  Import took 0.090171 seconds .

========================================================================
Received Import Request.
  Time since last request: 6.663670 seconds.
  path: Assets/Cartoon Vehicles/Textures
  artifactKey: Guid(b8a591a0e506a094da8dc93839ed3d24) Importer(815301076,1909f56bfc062723c751e8b465ee728b)
Start importing Assets/Cartoon Vehicles/Textures using Guid(b8a591a0e506a094da8dc93839ed3d24) Importer(815301076,1909f56bfc062723c751e8b465ee728b)  -> (artifact id: 'f276ceb22163506a78a0cf2729c94348') in 0.001825 seconds
  Import took 0.004259 seconds .

========================================================================
Received Import Request.
  Time since last request: 24.688667 seconds.
  path: Assets/Prefabs/CAR GREEN.prefab
  artifactKey: Guid(16ea07a709b07bb4a9d92d04ff3b6b26) Importer(815301076,1909f56bfc062723c751e8b465ee728b)
Start importing Assets/Prefabs/CAR GREEN.prefab using Guid(16ea07a709b07bb4a9d92d04ff3b6b26) Importer(815301076,1909f56bfc062723c751e8b465ee728b)  -> (artifact id: '02b7af1fe277b8175a94fcd3c04238b1') in 0.010485 seconds
  Import took 0.013116 seconds .

========================================================================
Received Import Request.
  Time since last request: 28.311037 seconds.
  path: Assets/Prefabs/HI-ACE.prefab
  artifactKey: Guid(6b0d7813c4fd5d249875e8b3b66fcf82) Importer(815301076,1909f56bfc062723c751e8b465ee728b)
Start importing Assets/Prefabs/HI-ACE.prefab using Guid(6b0d7813c4fd5d249875e8b3b66fcf82) Importer(815301076,1909f56bfc062723c751e8b465ee728b)  -> (artifact id: 'e2da07c8945469ae5f8f1cc615e8fe60') in 0.019407 seconds
  Import took 0.023485 seconds .

========================================================================
Received Import Request.
  Time since last request: 0.003570 seconds.
  path: Assets/Prefabs/HI-ACE.prefab
  artifactKey: Guid(6b0d7813c4fd5d249875e8b3b66fcf82) Importer(815301076,1909f56bfc062723c751e8b465ee728b)
Start importing Assets/Prefabs/HI-ACE.prefab using Guid(6b0d7813c4fd5d249875e8b3b66fcf82) Importer(815301076,1909f56bfc062723c751e8b465ee728b)  -> (artifact id: 'e2da07c8945469ae5f8f1cc615e8fe60') in 0.010729 seconds
  Import took 0.013715 seconds .

========================================================================
Received Import Request.
  Time since last request: 12.223604 seconds.
  path: Assets/Prefabs/RED BUS.prefab
  artifactKey: Guid(887d8b8a69db54d49af38baac7e7504a) Importer(815301076,1909f56bfc062723c751e8b465ee728b)
Start importing Assets/Prefabs/RED BUS.prefab using Guid(887d8b8a69db54d49af38baac7e7504a) Importer(815301076,1909f56bfc062723c751e8b465ee728b)  -> (artifact id: '4008b4274d79323ce9c37168036f3f91') in 0.009832 seconds
  Import took 0.012618 seconds .

========================================================================
Received Import Request.
  Time since last request: 12.730526 seconds.
  path: Assets/Prefabs/TRUCK_BLUE.prefab
  artifactKey: Guid(d598b720cf31bd8438497a91965648ad) Importer(815301076,1909f56bfc062723c751e8b465ee728b)
Start importing Assets/Prefabs/TRUCK_BLUE.prefab using Guid(d598b720cf31bd8438497a91965648ad) Importer(815301076,1909f56bfc062723c751e8b465ee728b)  -> (artifact id: 'd86b5a3795c03d6b51f15e31e4499870') in 0.009808 seconds
  Import took 0.012680 seconds .

========================================================================
Received Import Request.
  Time since last request: 16.304967 seconds.
  path: Assets/Prefabs/TUK TUK.prefab
  artifactKey: Guid(7fbbb6b37c556634b9c489da0c0c93af) Importer(815301076,1909f56bfc062723c751e8b465ee728b)
Start importing Assets/Prefabs/TUK TUK.prefab using Guid(7fbbb6b37c556634b9c489da0c0c93af) Importer(815301076,1909f56bfc062723c751e8b465ee728b)  -> (artifact id: 'ce67312c60f7e4dfd24d57b8a9de8cc0') in 0.025145 seconds
  Import took 0.027958 seconds .

========================================================================
Received Import Request.
  Time since last request: 16.287016 seconds.
  path: Assets/Prefabs/YELLOW BUS.prefab
  artifactKey: Guid(576e57054ddf54645896bbb53ef236be) Importer(815301076,1909f56bfc062723c751e8b465ee728b)
Start importing Assets/Prefabs/YELLOW BUS.prefab using Guid(576e57054ddf54645896bbb53ef236be) Importer(815301076,1909f56bfc062723c751e8b465ee728b)  -> (artifact id: '4915c42a1204eb4da0e6a74deeddfbda') in 0.010227 seconds
  Import took 0.012821 seconds .

========================================================================
Received Prepare
Registering precompiled user dll's ...
Registered in 0.002360 seconds.
Begin MonoManager ReloadAssembly
Native extension for WindowsStandalone target not found
Native extension for WebGL target not found
Refreshing native plugins compatible for Editor in 0.47 ms, found 2 plugins.
Preloading 0 native plugins for Editor in 0.00 ms.
Mono: successfully reloaded assembly
- Completed reload, in  0.794 seconds
Platform modules already initialized, skipping
Refreshing native plugins compatible for Editor in 0.32 ms, found 2 plugins.
Preloading 0 native plugins for Editor in 0.00 ms.
Unloading 1480 Unused Serialized files (Serialized files now loaded: 0)
System memory in use before: 77.2 MB.
System memory in use after: 77.3 MB.

Unloading 14 unused Assets to reduce memory usage. Loaded Objects now: 1981.
Total: 1.894700 ms (FindLiveObjects: 0.140300 ms CreateObjectMapping: 0.038900 ms MarkObjects: 1.661300 ms  DeleteObjects: 0.053500 ms)

========================================================================
Received Prepare
Registering precompiled user dll's ...
Registered in 0.002316 seconds.
Begin MonoManager ReloadAssembly
Native extension for WindowsStandalone target not found
Native extension for WebGL target not found
Refreshing native plugins compatible for Editor in 0.33 ms, found 2 plugins.
Preloading 0 native plugins for Editor in 0.00 ms.
Mono: successfully reloaded assembly
- Completed reload, in  0.805 seconds
Platform modules already initialized, skipping
Refreshing native plugins compatible for Editor in 0.33 ms, found 2 plugins.
Preloading 0 native plugins for Editor in 0.00 ms.
Unloading 1480 Unused Serialized files (Serialized files now loaded: 0)
System memory in use before: 77.2 MB.
System memory in use after: 77.3 MB.

Unloading 14 unused Assets to reduce memory usage. Loaded Objects now: 1984.
Total: 1.970000 ms (FindLiveObjects: 0.142800 ms CreateObjectMapping: 0.037300 ms MarkObjects: 1.736400 ms  DeleteObjects: 0.052700 ms)

========================================================================
Received Import Request.
  Time since last request: 700.094311 seconds.
  path: Assets/Prefabs/BLUE CAR.prefab
  artifactKey: Guid(1cbb080807139094cb5b7bb4d9cf1e21) Importer(815301076,1909f56bfc062723c751e8b465ee728b)
Start importing Assets/Prefabs/BLUE CAR.prefab using Guid(1cbb080807139094cb5b7bb4d9cf1e21) Importer(815301076,1909f56bfc062723c751e8b465ee728b)  -> (artifact id: 'b1653d3425c404abfa907e77cc678062') in 0.053947 seconds
  Import took 0.056617 seconds .

========================================================================
Received Import Request.
  Time since last request: 0.000251 seconds.
  path: Assets/Prefabs/TRUCK_BLUE.prefab
  artifactKey: Guid(d598b720cf31bd8438497a91965648ad) Importer(815301076,1909f56bfc062723c751e8b465ee728b)
Start importing Assets/Prefabs/TRUCK_BLUE.prefab using Guid(d598b720cf31bd8438497a91965648ad) Importer(815301076,1909f56bfc062723c751e8b465ee728b)  -> (artifact id: 'a69d6987ea796d5dfe07760e1b8ca57d') in 0.021877 seconds
  Import took 0.024228 seconds .

========================================================================
Received Import Request.
  Time since last request: 0.000193 seconds.
  path: Assets/Prefabs/CAR GREEN.prefab
  artifactKey: Guid(16ea07a709b07bb4a9d92d04ff3b6b26) Importer(815301076,1909f56bfc062723c751e8b465ee728b)
Start importing Assets/Prefabs/CAR GREEN.prefab using Guid(16ea07a709b07bb4a9d92d04ff3b6b26) Importer(815301076,1909f56bfc062723c751e8b465ee728b)  -> (artifact id: 'a7b83cc2b02ab4ce2ed36e886b0b92e6') in 0.014176 seconds
  Import took 0.016561 seconds .

========================================================================
Received Import Request.
  Time since last request: 0.000271 seconds.
  path: Assets/Prefabs/RED BUS.prefab
  artifactKey: Guid(887d8b8a69db54d49af38baac7e7504a) Importer(815301076,1909f56bfc062723c751e8b465ee728b)
Start importing Assets/Prefabs/RED BUS.prefab using Guid(887d8b8a69db54d49af38baac7e7504a) Importer(815301076,1909f56bfc062723c751e8b465ee728b)  -> (artifact id: 'c6037f0afb840b6a5cd87db3d287050b') in 0.015093 seconds
  Import took 0.018100 seconds .

========================================================================
Received Import Request.
  Time since last request: 0.000289 seconds.
  path: Assets/Prefabs/TUK TUK.prefab
  artifactKey: Guid(7fbbb6b37c556634b9c489da0c0c93af) Importer(815301076,1909f56bfc062723c751e8b465ee728b)
Start importing Assets/Prefabs/TUK TUK.prefab using Guid(7fbbb6b37c556634b9c489da0c0c93af) Importer(815301076,1909f56bfc062723c751e8b465ee728b)  -> (artifact id: '34e56059526ce9c1d0357ed302360ca6') in 0.015366 seconds
  Import took 0.017915 seconds .

========================================================================
Received Import Request.
  Time since last request: 0.000240 seconds.
  path: Assets/Prefabs/HI-ACE.prefab
  artifactKey: Guid(6b0d7813c4fd5d249875e8b3b66fcf82) Importer(815301076,1909f56bfc062723c751e8b465ee728b)
Start importing Assets/Prefabs/HI-ACE.prefab using Guid(6b0d7813c4fd5d249875e8b3b66fcf82) Importer(815301076,1909f56bfc062723c751e8b465ee728b)  -> (artifact id: 'a04ce28ed9a24b4edd6871f8ce3cd4f2') in 0.019809 seconds
  Import took 0.022656 seconds .

========================================================================
Received Import Request.
  Time since last request: 27.383671 seconds.
  path: Assets/Prefabs/YELLOW BUS.prefab
  artifactKey: Guid(576e57054ddf54645896bbb53ef236be) Importer(815301076,1909f56bfc062723c751e8b465ee728b)
Start importing Assets/Prefabs/YELLOW BUS.prefab using Guid(576e57054ddf54645896bbb53ef236be) Importer(815301076,1909f56bfc062723c751e8b465ee728b)  -> (artifact id: '074949a7c007573634c941e824ad1481') in 0.007423 seconds
  Import took 0.009943 seconds .

========================================================================
Received Prepare
Registering precompiled user dll's ...
Registered in 0.002368 seconds.
Begin MonoManager ReloadAssembly
Native extension for WindowsStandalone target not found
Native extension for WebGL target not found
Refreshing native plugins compatible for Editor in 0.34 ms, found 2 plugins.
Preloading 0 native plugins for Editor in 0.00 ms.
Mono: successfully reloaded assembly
- Completed reload, in  0.767 seconds
Platform modules already initialized, skipping
Refreshing native plugins compatible for Editor in 0.33 ms, found 2 plugins.
Preloading 0 native plugins for Editor in 0.00 ms.
Unloading 1480 Unused Serialized files (Serialized files now loaded: 0)
System memory in use before: 77.3 MB.
System memory in use after: 77.3 MB.

Unloading 14 unused Assets to reduce memory usage. Loaded Objects now: 1988.
Total: 1.996800 ms (FindLiveObjects: 0.140600 ms CreateObjectMapping: 0.038000 ms MarkObjects: 1.768400 ms  DeleteObjects: 0.048800 ms)

========================================================================
Received Prepare
Registering precompiled user dll's ...
Registered in 0.002536 seconds.
Begin MonoManager ReloadAssembly
Native extension for WindowsStandalone target not found
Native extension for WebGL target not found
Refreshing native plugins compatible for Editor in 0.33 ms, found 2 plugins.
Preloading 0 native plugins for Editor in 0.00 ms.
Mono: successfully reloaded assembly
- Completed reload, in  0.747 seconds
Platform modules already initialized, skipping
Refreshing native plugins compatible for Editor in 0.38 ms, found 2 plugins.
Preloading 0 native plugins for Editor in 0.00 ms.
Unloading 1480 Unused Serialized files (Serialized files now loaded: 0)
System memory in use before: 77.3 MB.
System memory in use after: 77.3 MB.

Unloading 14 unused Assets to reduce memory usage. Loaded Objects now: 1991.
Total: 1.822800 ms (FindLiveObjects: 0.142600 ms CreateObjectMapping: 0.037100 ms MarkObjects: 1.589700 ms  DeleteObjects: 0.052700 ms)

========================================================================
Received Prepare
Registering precompiled user dll's ...
Registered in 0.002356 seconds.
Begin MonoManager ReloadAssembly
Native extension for WindowsStandalone target not found
Native extension for WebGL target not found
Refreshing native plugins compatible for Editor in 0.33 ms, found 2 plugins.
Preloading 0 native plugins for Editor in 0.00 ms.
Mono: successfully reloaded assembly
- Completed reload, in  0.788 seconds
Platform modules already initialized, skipping
Refreshing native plugins compatible for Editor in 0.36 ms, found 2 plugins.
Preloading 0 native plugins for Editor in 0.00 ms.
Unloading 1480 Unused Serialized files (Serialized files now loaded: 0)
System memory in use before: 77.3 MB.
System memory in use after: 77.3 MB.

Unloading 14 unused Assets to reduce memory usage. Loaded Objects now: 1994.
Total: 1.986100 ms (FindLiveObjects: 0.147700 ms CreateObjectMapping: 0.041900 ms MarkObjects: 1.743300 ms  DeleteObjects: 0.052200 ms)

========================================================================
Received Prepare
Registering precompiled user dll's ...
Registered in 0.002362 seconds.
Begin MonoManager ReloadAssembly
Native extension for WindowsStandalone target not found
Native extension for WebGL target not found
Refreshing native plugins compatible for Editor in 0.33 ms, found 2 plugins.
Preloading 0 native plugins for Editor in 0.00 ms.
Mono: successfully reloaded assembly
- Completed reload, in  0.772 seconds
Platform modules already initialized, skipping
Refreshing native plugins compatible for Editor in 0.41 ms, found 2 plugins.
Preloading 0 native plugins for Editor in 0.00 ms.
Unloading 1480 Unused Serialized files (Serialized files now loaded: 0)
System memory in use before: 77.3 MB.
System memory in use after: 77.4 MB.

Unloading 14 unused Assets to reduce memory usage. Loaded Objects now: 1997.
Total: 2.028800 ms (FindLiveObjects: 0.145100 ms CreateObjectMapping: 0.039300 ms MarkObjects: 1.783900 ms  DeleteObjects: 0.059700 ms)

========================================================================
Received Prepare
Registering precompiled user dll's ...
Registered in 0.002282 seconds.
Begin MonoManager ReloadAssembly
Native extension for WindowsStandalone target not found
Native extension for WebGL target not found
Refreshing native plugins compatible for Editor in 0.32 ms, found 2 plugins.
Preloading 0 native plugins for Editor in 0.00 ms.
Mono: successfully reloaded assembly
- Completed reload, in  0.777 seconds
Platform modules already initialized, skipping
Refreshing native plugins compatible for Editor in 0.32 ms, found 2 plugins.
Preloading 0 native plugins for Editor in 0.00 ms.
Unloading 1480 Unused Serialized files (Serialized files now loaded: 0)
System memory in use before: 77.3 MB.
System memory in use after: 77.4 MB.

Unloading 14 unused Assets to reduce memory usage. Loaded Objects now: 2000.
Total: 2.058800 ms (FindLiveObjects: 0.219200 ms CreateObjectMapping: 0.046900 ms MarkObjects: 1.742000 ms  DeleteObjects: 0.050000 ms)

========================================================================
Received Import Request.
  Time since last request: 411.109702 seconds.
  path: Assets/Scripts/MoveTowardsPlayer.cs
  artifactKey: Guid(243aea598ceb26041a0b93afa7bc1dea) Importer(815301076,1909f56bfc062723c751e8b465ee728b)
Start importing Assets/Scripts/MoveTowardsPlayer.cs using Guid(243aea598ceb26041a0b93afa7bc1dea) Importer(815301076,1909f56bfc062723c751e8b465ee728b)  -> (artifact id: '85569b0581bc2012b5780c91320f7baa') in 0.002859 seconds
  Import took 0.005291 seconds .

========================================================================
Received Import Request.
  Time since last request: 0.003007 seconds.
  path: Assets/Scripts/MoveTowardsPlayer.cs
  artifactKey: Guid(243aea598ceb26041a0b93afa7bc1dea) Importer(815301076,1909f56bfc062723c751e8b465ee728b)
Start importing Assets/Scripts/MoveTowardsPlayer.cs using Guid(243aea598ceb26041a0b93afa7bc1dea) Importer(815301076,1909f56bfc062723c751e8b465ee728b)  -> (artifact id: '85569b0581bc2012b5780c91320f7baa') in 0.001078 seconds
  Import took 0.003381 seconds .

========================================================================
Received Prepare
Registering precompiled user dll's ...
Registered in 0.002396 seconds.
Begin MonoManager ReloadAssembly
Native extension for WindowsStandalone target not found
Native extension for WebGL target not found
Refreshing native plugins compatible for Editor in 0.36 ms, found 2 plugins.
Preloading 0 native plugins for Editor in 0.00 ms.
Mono: successfully reloaded assembly
- Completed reload, in  0.792 seconds
Platform modules already initialized, skipping
Refreshing native plugins compatible for Editor in 0.33 ms, found 2 plugins.
Preloading 0 native plugins for Editor in 0.00 ms.
Unloading 1480 Unused Serialized files (Serialized files now loaded: 0)
System memory in use before: 77.3 MB.
System memory in use after: 77.4 MB.

Unloading 14 unused Assets to reduce memory usage. Loaded Objects now: 2003.
Total: 1.803400 ms (FindLiveObjects: 0.123900 ms CreateObjectMapping: 0.037500 ms MarkObjects: 1.586700 ms  DeleteObjects: 0.054500 ms)

========================================================================
Received Import Request.
  Time since last request: 18.437458 seconds.
  path: Assets/Scripts/MoveTowardsPlayer.cs
  artifactKey: Guid(243aea598ceb26041a0b93afa7bc1dea) Importer(815301076,1909f56bfc062723c751e8b465ee728b)
Start importing Assets/Scripts/MoveTowardsPlayer.cs using Guid(243aea598ceb26041a0b93afa7bc1dea) Importer(815301076,1909f56bfc062723c751e8b465ee728b)  -> (artifact id: 'c0be0a3f81195ae05e65c500434b3743') in 0.002837 seconds
  Import took 0.005398 seconds .

========================================================================
Received Import Request.
  Time since last request: 1.275389 seconds.
  path: Assets/Scripts/MoveTowardsPlayer.cs
  artifactKey: Guid(243aea598ceb26041a0b93afa7bc1dea) Importer(815301076,1909f56bfc062723c751e8b465ee728b)
Start importing Assets/Scripts/MoveTowardsPlayer.cs using Guid(243aea598ceb26041a0b93afa7bc1dea) Importer(815301076,1909f56bfc062723c751e8b465ee728b)  -> (artifact id: 'c0be0a3f81195ae05e65c500434b3743') in 0.001155 seconds
  Import took 0.003441 seconds .

========================================================================
Received Prepare
Registering precompiled user dll's ...
Registered in 0.002377 seconds.
Begin MonoManager ReloadAssembly
Native extension for WindowsStandalone target not found
Native extension for WebGL target not found
Refreshing native plugins compatible for Editor in 0.33 ms, found 2 plugins.
Preloading 0 native plugins for Editor in 0.00 ms.
Mono: successfully reloaded assembly
- Completed reload, in  0.775 seconds
Platform modules already initialized, skipping
Refreshing native plugins compatible for Editor in 0.33 ms, found 2 plugins.
Preloading 0 native plugins for Editor in 0.00 ms.
Unloading 1480 Unused Serialized files (Serialized files now loaded: 0)
System memory in use before: 77.3 MB.
System memory in use after: 77.4 MB.

Unloading 14 unused Assets to reduce memory usage. Loaded Objects now: 2006.
Total: 1.931600 ms (FindLiveObjects: 0.148100 ms CreateObjectMapping: 0.035000 ms MarkObjects: 1.693700 ms  DeleteObjects: 0.053700 ms)

========================================================================
Received Import Request.
  Time since last request: 145.077285 seconds.
  path: ProjectSettings/TagManager.asset
  artifactKey: Guid(00000000000000003000000000000000) Importer(815301076,1909f56bfc062723c751e8b465ee728b)
Start importing ProjectSettings/TagManager.asset using Guid(00000000000000003000000000000000) Importer(815301076,1909f56bfc062723c751e8b465ee728b)  -> (artifact id: '9af95d655c60e46b893a262e8a3c9837') in 0.038976 seconds
  Import took 0.041337 seconds .

========================================================================
Received Import Request.
  Time since last request: 149.912464 seconds.
  path: Assets/BattleRoyaleDuoPAPBR/Animator/AssaultRifleAnimator.controller
  artifactKey: Guid(f995ccec4eb03694d8b4fd525e26bccc) Importer(815301076,1909f56bfc062723c751e8b465ee728b)
Start importing Assets/BattleRoyaleDuoPAPBR/Animator/AssaultRifleAnimator.controller using Guid(f995ccec4eb03694d8b4fd525e26bccc) Importer(815301076,1909f56bfc062723c751e8b465ee728b)  -> (artifact id: '42da688331334c4faa9f6a3fd2902544') in 0.019663 seconds
  Import took 0.023583 seconds .

========================================================================
Received Import Request.
  Time since last request: 1.975639 seconds.
  path: Assets/BattleRoyaleDuoPAPBR/Animation/AssaultRifleStance/ShootSingleshot_AR_Anim.fbx
  artifactKey: Guid(c7815796c0403034892dc2141e431e86) Importer(815301076,1909f56bfc062723c751e8b465ee728b)
Start importing Assets/BattleRoyaleDuoPAPBR/Animation/AssaultRifleStance/ShootSingleshot_AR_Anim.fbx using Guid(c7815796c0403034892dc2141e431e86) Importer(815301076,1909f56bfc062723c751e8b465ee728b)  -> (artifact id: 'cf61061c60ebe49d5b7db0205d9bace9') in 0.123851 seconds
  Import took 0.126366 seconds .

========================================================================
Received Import Request.
  Time since last request: 0.000230 seconds.
  path: Assets/BattleRoyaleDuoPAPBR/Animation/AssaultRifleStance/ShootSustainshot_AR_Anim.fbx
  artifactKey: Guid(590203430aa34d547b584114c9035140) Importer(815301076,1909f56bfc062723c751e8b465ee728b)
Start importing Assets/BattleRoyaleDuoPAPBR/Animation/AssaultRifleStance/ShootSustainshot_AR_Anim.fbx using Guid(590203430aa34d547b584114c9035140) Importer(815301076,1909f56bfc062723c751e8b465ee728b)  -> (artifact id: '9ba17aab050957c50da5657885131fcc') in 0.047612 seconds
  Import took 0.049912 seconds .

========================================================================
Received Import Request.
  Time since last request: 13.895695 seconds.
  path: Assets/BattleRoyaleDuoPAPBR/Animation/AssaultRifleStance/PowerUP_AR_Anim.fbx
  artifactKey: Guid(893b65416cc4cef4b8deb73e7a4e2ff3) Importer(815301076,1909f56bfc062723c751e8b465ee728b)
Start importing Assets/BattleRoyaleDuoPAPBR/Animation/AssaultRifleStance/PowerUP_AR_Anim.fbx using Guid(893b65416cc4cef4b8deb73e7a4e2ff3) Importer(815301076,1909f56bfc062723c751e8b465ee728b)  -> (artifact id: 'a1de00bb275d6344a90ced469daefc46') in 0.025052 seconds
  Import took 0.027894 seconds .

========================================================================
Received Import Request.
  Time since last request: 0.000277 seconds.
  path: Assets/BattleRoyaleDuoPAPBR/Animation/AssaultRifleStance/Reloading_AR_Anim.fbx
  artifactKey: Guid(d6cece2fa022c07428fe9842aa276f3f) Importer(815301076,1909f56bfc062723c751e8b465ee728b)
Start importing Assets/BattleRoyaleDuoPAPBR/Animation/AssaultRifleStance/Reloading_AR_Anim.fbx using Guid(d6cece2fa022c07428fe9842aa276f3f) Importer(815301076,1909f56bfc062723c751e8b465ee728b)  -> (artifact id: '6c3860c705d44c870cebe708e78a0690') in 0.023927 seconds
  Import took 0.026622 seconds .

========================================================================
Received Import Request.
  Time since last request: 0.000259 seconds.
  path: Assets/BattleRoyaleDuoPAPBR/Animation/AssaultRifleStance/RollBWD_AR_Anim.fbx
  artifactKey: Guid(6a3fdff1bbaeab44498bdf552c726146) Importer(815301076,1909f56bfc062723c751e8b465ee728b)
Start importing Assets/BattleRoyaleDuoPAPBR/Animation/AssaultRifleStance/RollBWD_AR_Anim.fbx using Guid(6a3fdff1bbaeab44498bdf552c726146) Importer(815301076,1909f56bfc062723c751e8b465ee728b)  -> (artifact id: 'a15866fce5994f08c30706cc5e0ae9b2') in 0.024346 seconds
  Import took 0.026953 seconds .

========================================================================
Received Import Request.
  Time since last request: 0.000240 seconds.
  path: Assets/BattleRoyaleDuoPAPBR/Animation/AssaultRifleStance/Reloading_AR_Anim.fbx
  artifactKey: Guid(d6cece2fa022c07428fe9842aa276f3f) Importer(815301076,1909f56bfc062723c751e8b465ee728b)
Start importing Assets/BattleRoyaleDuoPAPBR/Animation/AssaultRifleStance/Reloading_AR_Anim.fbx using Guid(d6cece2fa022c07428fe9842aa276f3f) Importer(815301076,1909f56bfc062723c751e8b465ee728b)  -> (artifact id: '6c3860c705d44c870cebe708e78a0690') in 0.023062 seconds
  Import took 0.025304 seconds .

========================================================================
Received Import Request.
  Time since last request: 16.573055 seconds.
  path: Assets/BattleRoyaleDuoPAPBR/Animation/AssaultRifleStance/DashFWD_AR_Anim.fbx
  artifactKey: Guid(77d5acb90e317c64e84333c3229e73c8) Importer(815301076,1909f56bfc062723c751e8b465ee728b)
Start importing Assets/BattleRoyaleDuoPAPBR/Animation/AssaultRifleStance/DashFWD_AR_Anim.fbx using Guid(77d5acb90e317c64e84333c3229e73c8) Importer(815301076,1909f56bfc062723c751e8b465ee728b)  -> (artifact id: '44a38ca6611afd50b88f3251d41b12e5') in 0.023413 seconds
  Import took 0.026060 seconds .

========================================================================
Received Import Request.
  Time since last request: 0.000284 seconds.
  path: Assets/BattleRoyaleDuoPAPBR/Animation/AssaultRifleStance/DashLeft_AR_Anim.fbx
  artifactKey: Guid(e617c7777a9b1ac468aa396dfe481547) Importer(815301076,1909f56bfc062723c751e8b465ee728b)
Start importing Assets/BattleRoyaleDuoPAPBR/Animation/AssaultRifleStance/DashLeft_AR_Anim.fbx using Guid(e617c7777a9b1ac468aa396dfe481547) Importer(815301076,1909f56bfc062723c751e8b465ee728b)  -> (artifact id: '1f1f6627c9add2d12fda584e2eeb6cd2') in 0.023859 seconds
  Import took 0.026504 seconds .

========================================================================
Received Import Request.
  Time since last request: 0.000228 seconds.
  path: Assets/BattleRoyaleDuoPAPBR/Animation/AssaultRifleStance/DashLeft_RM_AR_Anim.fbx
  artifactKey: Guid(8c0d58aa4a285b14ea860c46a7d3c896) Importer(815301076,1909f56bfc062723c751e8b465ee728b)
Start importing Assets/BattleRoyaleDuoPAPBR/Animation/AssaultRifleStance/DashLeft_RM_AR_Anim.fbx using Guid(8c0d58aa4a285b14ea860c46a7d3c896) Importer(815301076,1909f56bfc062723c751e8b465ee728b)  -> (artifact id: 'a900ea0f3840884fbf1b37ddda718146') in 0.025571 seconds
  Import took 0.027867 seconds .

========================================================================
Received Import Request.
  Time since last request: 0.000613 seconds.
  path: Assets/BattleRoyaleDuoPAPBR/Animation/AssaultRifleStance/DashFWD_RM_AR_Anim.fbx
  artifactKey: Guid(ace55fcc7c93649488aa5d1ebf20f2b0) Importer(815301076,1909f56bfc062723c751e8b465ee728b)
Start importing Assets/BattleRoyaleDuoPAPBR/Animation/AssaultRifleStance/DashFWD_RM_AR_Anim.fbx using Guid(ace55fcc7c93649488aa5d1ebf20f2b0) Importer(815301076,1909f56bfc062723c751e8b465ee728b)  -> (artifact id: 'b00cd196767c61ad0af5e1fe934e2c59') in 0.025285 seconds
  Import took 0.027523 seconds .

========================================================================
Received Import Request.
  Time since last request: 158.082529 seconds.
  path: Assets/Prefabs/road.prefab
  artifactKey: Guid(d9a59fe0d98f7d84a8e8f90d42087904) Importer(815301076,1909f56bfc062723c751e8b465ee728b)
Start importing Assets/Prefabs/road.prefab using Guid(d9a59fe0d98f7d84a8e8f90d42087904) Importer(815301076,1909f56bfc062723c751e8b465ee728b)  -> (artifact id: '68a4cbc0e5c9617d76d89dd1a3fa99ff') in 0.008486 seconds
  Import took 0.011319 seconds .

========================================================================
Received Prepare
Registering precompiled user dll's ...
Registered in 0.002692 seconds.
Begin MonoManager ReloadAssembly
Native extension for WindowsStandalone target not found
Native extension for WebGL target not found
Refreshing native plugins compatible for Editor in 0.33 ms, found 2 plugins.
Preloading 0 native plugins for Editor in 0.00 ms.
Mono: successfully reloaded assembly
- Completed reload, in  0.769 seconds
Platform modules already initialized, skipping
Refreshing native plugins compatible for Editor in 0.33 ms, found 2 plugins.
Preloading 0 native plugins for Editor in 0.00 ms.
Unloading 1480 Unused Serialized files (Serialized files now loaded: 0)
System memory in use before: 91.2 MB.
System memory in use after: 91.3 MB.

Unloading 16 unused Assets to reduce memory usage. Loaded Objects now: 2014.
Total: 1.973400 ms (FindLiveObjects: 0.155100 ms CreateObjectMapping: 0.040400 ms MarkObjects: 1.714800 ms  DeleteObjects: 0.062300 ms)

========================================================================
Received Import Request.
  Time since last request: 103.740407 seconds.
  path: Assets/Prefabs/BLUE CAR.prefab
  artifactKey: Guid(1cbb080807139094cb5b7bb4d9cf1e21) Importer(815301076,1909f56bfc062723c751e8b465ee728b)
Start importing Assets/Prefabs/BLUE CAR.prefab using Guid(1cbb080807139094cb5b7bb4d9cf1e21) Importer(815301076,1909f56bfc062723c751e8b465ee728b)  -> (artifact id: 'ae8316bcf3ab8a37da95adb0b96c2d3d') in 0.046749 seconds
  Import took 0.049422 seconds .

========================================================================
Received Import Request.
  Time since last request: 30.850608 seconds.
  path: Assets/Prefabs/CAR GREEN.prefab
  artifactKey: Guid(16ea07a709b07bb4a9d92d04ff3b6b26) Importer(815301076,1909f56bfc062723c751e8b465ee728b)
Start importing Assets/Prefabs/CAR GREEN.prefab using Guid(16ea07a709b07bb4a9d92d04ff3b6b26) Importer(815301076,1909f56bfc062723c751e8b465ee728b)  -> (artifact id: '3be28dc99b27eb7207eed59a70a4fbda') in 0.007945 seconds
  Import took 0.010674 seconds .

========================================================================
Received Import Request.
  Time since last request: 30.839689 seconds.
  path: Assets/Prefabs/HI-ACE.prefab
  artifactKey: Guid(6b0d7813c4fd5d249875e8b3b66fcf82) Importer(815301076,1909f56bfc062723c751e8b465ee728b)
Start importing Assets/Prefabs/HI-ACE.prefab using Guid(6b0d7813c4fd5d249875e8b3b66fcf82) Importer(815301076,1909f56bfc062723c751e8b465ee728b)  -> (artifact id: 'f2a092b9c6e60caee3c632fc33455457') in 0.013122 seconds
  Import took 0.016307 seconds .

========================================================================
Received Import Request.
  Time since last request: 268.928049 seconds.
  path: Assets/Prefabs/RED BUS.prefab
  artifactKey: Guid(887d8b8a69db54d49af38baac7e7504a) Importer(815301076,1909f56bfc062723c751e8b465ee728b)
Start importing Assets/Prefabs/RED BUS.prefab using Guid(887d8b8a69db54d49af38baac7e7504a) Importer(815301076,1909f56bfc062723c751e8b465ee728b)  -> (artifact id: 'ea3d0b51733f92530951a0b86c5dc274') in 0.009779 seconds
  Import took 0.012959 seconds .

========================================================================
Received Import Request.
  Time since last request: 48.521340 seconds.
  path: Assets/Prefabs/TRUCK_BLUE.prefab
  artifactKey: Guid(d598b720cf31bd8438497a91965648ad) Importer(815301076,1909f56bfc062723c751e8b465ee728b)
Start importing Assets/Prefabs/TRUCK_BLUE.prefab using Guid(d598b720cf31bd8438497a91965648ad) Importer(815301076,1909f56bfc062723c751e8b465ee728b)  -> (artifact id: 'ded78d31cb79d5998fe2754615e45808') in 0.009795 seconds
  Import took 0.012743 seconds .

========================================================================
Received Import Request.
  Time since last request: 26.541970 seconds.
  path: Assets/Prefabs/TUK TUK.prefab
  artifactKey: Guid(7fbbb6b37c556634b9c489da0c0c93af) Importer(815301076,1909f56bfc062723c751e8b465ee728b)
Start importing Assets/Prefabs/TUK TUK.prefab using Guid(7fbbb6b37c556634b9c489da0c0c93af) Importer(815301076,1909f56bfc062723c751e8b465ee728b)  -> (artifact id: '631e3b759e54d947ae859b468286de8b') in 0.017350 seconds
  Import took 0.020287 seconds .

========================================================================
Received Import Request.
  Time since last request: 26.447370 seconds.
  path: Assets/Prefabs/YELLOW BUS.prefab
  artifactKey: Guid(576e57054ddf54645896bbb53ef236be) Importer(815301076,1909f56bfc062723c751e8b465ee728b)
Start importing Assets/Prefabs/YELLOW BUS.prefab using Guid(576e57054ddf54645896bbb53ef236be) Importer(815301076,1909f56bfc062723c751e8b465ee728b)  -> (artifact id: '8a193b9e03073af4209c20906cb18cc4') in 0.008866 seconds
  Import took 0.011673 seconds .

========================================================================
Received Prepare
Registering precompiled user dll's ...
Registered in 0.002750 seconds.
Begin MonoManager ReloadAssembly
Native extension for WindowsStandalone target not found
Native extension for WebGL target not found
Refreshing native plugins compatible for Editor in 0.33 ms, found 2 plugins.
Preloading 0 native plugins for Editor in 0.00 ms.
Mono: successfully reloaded assembly
- Completed reload, in  0.787 seconds
Platform modules already initialized, skipping
Refreshing native plugins compatible for Editor in 0.33 ms, found 2 plugins.
Preloading 0 native plugins for Editor in 0.00 ms.
Unloading 1480 Unused Serialized files (Serialized files now loaded: 0)
System memory in use before: 91.2 MB.
System memory in use after: 91.3 MB.

Unloading 14 unused Assets to reduce memory usage. Loaded Objects now: 2018.
Total: 1.849300 ms (FindLiveObjects: 0.157500 ms CreateObjectMapping: 0.042300 ms MarkObjects: 1.598500 ms  DeleteObjects: 0.050300 ms)

========================================================================
Received Import Request.
  Time since last request: 67.122019 seconds.
  path: Assets/Prefabs/BLUE CAR.prefab
  artifactKey: Guid(1cbb080807139094cb5b7bb4d9cf1e21) Importer(815301076,1909f56bfc062723c751e8b465ee728b)
Start importing Assets/Prefabs/BLUE CAR.prefab using Guid(1cbb080807139094cb5b7bb4d9cf1e21) Importer(815301076,1909f56bfc062723c751e8b465ee728b)  -> (artifact id: 'c1009c0827674d2754d0883ce72b29fa') in 0.045997 seconds
  Import took 0.048597 seconds .

========================================================================
Received Import Request.
  Time since last request: 0.000486 seconds.
  path: Assets/Prefabs/BLUE CAR.prefab
  artifactKey: Guid(1cbb080807139094cb5b7bb4d9cf1e21) Importer(815301076,1909f56bfc062723c751e8b465ee728b)
Start importing Assets/Prefabs/BLUE CAR.prefab using Guid(1cbb080807139094cb5b7bb4d9cf1e21) Importer(815301076,1909f56bfc062723c751e8b465ee728b)  -> (artifact id: 'c1009c0827674d2754d0883ce72b29fa') in 0.007884 seconds
  Import took 0.010352 seconds .

========================================================================
Received Import Request.
  Time since last request: 3.016101 seconds.
  path: Assets/Prefabs/CAR GREEN.prefab
  artifactKey: Guid(16ea07a709b07bb4a9d92d04ff3b6b26) Importer(815301076,1909f56bfc062723c751e8b465ee728b)
Start importing Assets/Prefabs/CAR GREEN.prefab using Guid(16ea07a709b07bb4a9d92d04ff3b6b26) Importer(815301076,1909f56bfc062723c751e8b465ee728b)  -> (artifact id: '6b92fe241b4d1cec3b1f051537e1490a') in 0.007565 seconds
  Import took 0.010356 seconds .

========================================================================
Received Import Request.
  Time since last request: 0.003134 seconds.
  path: Assets/Prefabs/CAR GREEN.prefab
  artifactKey: Guid(16ea07a709b07bb4a9d92d04ff3b6b26) Importer(815301076,1909f56bfc062723c751e8b465ee728b)
Start importing Assets/Prefabs/CAR GREEN.prefab using Guid(16ea07a709b07bb4a9d92d04ff3b6b26) Importer(815301076,1909f56bfc062723c751e8b465ee728b)  -> (artifact id: '6b92fe241b4d1cec3b1f051537e1490a') in 0.007130 seconds
  Import took 0.009727 seconds .

========================================================================
Received Import Request.
  Time since last request: 4.334883 seconds.
  path: Assets/Prefabs/HI-ACE.prefab
  artifactKey: Guid(6b0d7813c4fd5d249875e8b3b66fcf82) Importer(815301076,1909f56bfc062723c751e8b465ee728b)
Start importing Assets/Prefabs/HI-ACE.prefab using Guid(6b0d7813c4fd5d249875e8b3b66fcf82) Importer(815301076,1909f56bfc062723c751e8b465ee728b)  -> (artifact id: '544723a05580b52b3c103c7e8775e2b0') in 0.009815 seconds
  Import took 0.012631 seconds .

========================================================================
Received Import Request.
  Time since last request: 0.001081 seconds.
  path: Assets/Prefabs/HI-ACE.prefab
  artifactKey: Guid(6b0d7813c4fd5d249875e8b3b66fcf82) Importer(815301076,1909f56bfc062723c751e8b465ee728b)
Start importing Assets/Prefabs/HI-ACE.prefab using Guid(6b0d7813c4fd5d249875e8b3b66fcf82) Importer(815301076,1909f56bfc062723c751e8b465ee728b)  -> (artifact id: '544723a05580b52b3c103c7e8775e2b0') in 0.009014 seconds
  Import took 0.011725 seconds .

========================================================================
Received Import Request.
  Time since last request: 3.775769 seconds.
  path: Assets/Prefabs/RED BUS.prefab
  artifactKey: Guid(887d8b8a69db54d49af38baac7e7504a) Importer(815301076,1909f56bfc062723c751e8b465ee728b)
Start importing Assets/Prefabs/RED BUS.prefab using Guid(887d8b8a69db54d49af38baac7e7504a) Importer(815301076,1909f56bfc062723c751e8b465ee728b)  -> (artifact id: 'ef6cd37a3658e14dc94f670556ad029a') in 0.008962 seconds
  Import took 0.011559 seconds .

========================================================================
Received Import Request.
  Time since last request: 0.002040 seconds.
  path: Assets/Prefabs/RED BUS.prefab
  artifactKey: Guid(887d8b8a69db54d49af38baac7e7504a) Importer(815301076,1909f56bfc062723c751e8b465ee728b)
Start importing Assets/Prefabs/RED BUS.prefab using Guid(887d8b8a69db54d49af38baac7e7504a) Importer(815301076,1909f56bfc062723c751e8b465ee728b)  -> (artifact id: 'ef6cd37a3658e14dc94f670556ad029a') in 0.008884 seconds
  Import took 0.011525 seconds .

========================================================================
Received Import Request.
  Time since last request: 5.834229 seconds.
  path: Assets/Prefabs/TRUCK_BLUE.prefab
  artifactKey: Guid(d598b720cf31bd8438497a91965648ad) Importer(815301076,1909f56bfc062723c751e8b465ee728b)
Start importing Assets/Prefabs/TRUCK_BLUE.prefab using Guid(d598b720cf31bd8438497a91965648ad) Importer(815301076,1909f56bfc062723c751e8b465ee728b)  -> (artifact id: '71087e81c74644f44b17d3fbdd8d68c5') in 0.008323 seconds
  Import took 0.011390 seconds .

========================================================================
Received Import Request.
  Time since last request: 0.001675 seconds.
  path: Assets/Prefabs/TRUCK_BLUE.prefab
  artifactKey: Guid(d598b720cf31bd8438497a91965648ad) Importer(815301076,1909f56bfc062723c751e8b465ee728b)
Start importing Assets/Prefabs/TRUCK_BLUE.prefab using Guid(d598b720cf31bd8438497a91965648ad) Importer(815301076,1909f56bfc062723c751e8b465ee728b)  -> (artifact id: '71087e81c74644f44b17d3fbdd8d68c5') in 0.008431 seconds
  Import took 0.011124 seconds .

========================================================================
Received Import Request.
  Time since last request: 3.661609 seconds.
  path: Assets/Prefabs/TUK TUK.prefab
  artifactKey: Guid(7fbbb6b37c556634b9c489da0c0c93af) Importer(815301076,1909f56bfc062723c751e8b465ee728b)
Start importing Assets/Prefabs/TUK TUK.prefab using Guid(7fbbb6b37c556634b9c489da0c0c93af) Importer(815301076,1909f56bfc062723c751e8b465ee728b)  -> (artifact id: 'a6a876022f5b35a56831c2ed23e5e995') in 0.011340 seconds
  Import took 0.014075 seconds .

========================================================================
Received Import Request.
  Time since last request: 2.441173 seconds.
  path: Assets/Prefabs/YELLOW BUS.prefab
  artifactKey: Guid(576e57054ddf54645896bbb53ef236be) Importer(815301076,1909f56bfc062723c751e8b465ee728b)
Start importing Assets/Prefabs/YELLOW BUS.prefab using Guid(576e57054ddf54645896bbb53ef236be) Importer(815301076,1909f56bfc062723c751e8b465ee728b)  -> (artifact id: 'cbfc36b4cf1c7dc3102c704d92e21758') in 0.015006 seconds
  Import took 0.017856 seconds .

========================================================================
Received Prepare
Registering precompiled user dll's ...
Registered in 0.002625 seconds.
Begin MonoManager ReloadAssembly
Native extension for WindowsStandalone target not found
Native extension for WebGL target not found
Refreshing native plugins compatible for Editor in 0.32 ms, found 2 plugins.
Preloading 0 native plugins for Editor in 0.00 ms.
Mono: successfully reloaded assembly
- Completed reload, in  0.755 seconds
Platform modules already initialized, skipping
Refreshing native plugins compatible for Editor in 0.33 ms, found 2 plugins.
Preloading 0 native plugins for Editor in 0.00 ms.
Unloading 1480 Unused Serialized files (Serialized files now loaded: 0)
System memory in use before: 91.2 MB.
System memory in use after: 91.3 MB.

Unloading 14 unused Assets to reduce memory usage. Loaded Objects now: 2022.
Total: 1.983900 ms (FindLiveObjects: 0.140900 ms CreateObjectMapping: 0.040300 ms MarkObjects: 1.751600 ms  DeleteObjects: 0.050400 ms)

========================================================================
Received Import Request.
  Time since last request: 50.180366 seconds.
  path: Assets/Prefabs/BLUE CAR.prefab
  artifactKey: Guid(1cbb080807139094cb5b7bb4d9cf1e21) Importer(815301076,1909f56bfc062723c751e8b465ee728b)
Start importing Assets/Prefabs/BLUE CAR.prefab using Guid(1cbb080807139094cb5b7bb4d9cf1e21) Importer(815301076,1909f56bfc062723c751e8b465ee728b)  -> (artifact id: '21623c6d7155091d9d045ea513c978f1') in 0.068839 seconds
  Import took 0.071300 seconds .

========================================================================
Received Import Request.
  Time since last request: 1.085801 seconds.
  path: Assets/Prefabs/CAR GREEN.prefab
  artifactKey: Guid(16ea07a709b07bb4a9d92d04ff3b6b26) Importer(815301076,1909f56bfc062723c751e8b465ee728b)
Start importing Assets/Prefabs/CAR GREEN.prefab using Guid(16ea07a709b07bb4a9d92d04ff3b6b26) Importer(815301076,1909f56bfc062723c751e8b465ee728b)  -> (artifact id: '1c5c1d5a813f8ec8ed71a87980671b79') in 0.008982 seconds
  Import took 0.011763 seconds .

========================================================================
Received Import Request.
  Time since last request: 4.214048 seconds.
  path: Assets/Prefabs/HI-ACE.prefab
  artifactKey: Guid(6b0d7813c4fd5d249875e8b3b66fcf82) Importer(815301076,1909f56bfc062723c751e8b465ee728b)
Start importing Assets/Prefabs/HI-ACE.prefab using Guid(6b0d7813c4fd5d249875e8b3b66fcf82) Importer(815301076,1909f56bfc062723c751e8b465ee728b)  -> (artifact id: '9dc7cd10de1ff46364cc1093530d9216') in 0.011528 seconds
  Import took 0.014324 seconds .

========================================================================
Received Import Request.
  Time since last request: 2.261148 seconds.
  path: Assets/Prefabs/RED BUS.prefab
  artifactKey: Guid(887d8b8a69db54d49af38baac7e7504a) Importer(815301076,1909f56bfc062723c751e8b465ee728b)
Start importing Assets/Prefabs/RED BUS.prefab using Guid(887d8b8a69db54d49af38baac7e7504a) Importer(815301076,1909f56bfc062723c751e8b465ee728b)  -> (artifact id: 'f3d99bb9919d8e128075707ed38814b1') in 0.012352 seconds
  Import took 0.015073 seconds .

========================================================================
Received Import Request.
  Time since last request: 5.555428 seconds.
  path: Assets/Prefabs/TRUCK_BLUE.prefab
  artifactKey: Guid(d598b720cf31bd8438497a91965648ad) Importer(815301076,1909f56bfc062723c751e8b465ee728b)
Start importing Assets/Prefabs/TRUCK_BLUE.prefab using Guid(d598b720cf31bd8438497a91965648ad) Importer(815301076,1909f56bfc062723c751e8b465ee728b)  -> (artifact id: '71e1aeeb772678d9364c4ea8518eddf8') in 0.009794 seconds
  Import took 0.012438 seconds .

========================================================================
Received Import Request.
  Time since last request: 3.190528 seconds.
  path: Assets/Prefabs/TUK TUK.prefab
  artifactKey: Guid(7fbbb6b37c556634b9c489da0c0c93af) Importer(815301076,1909f56bfc062723c751e8b465ee728b)
Start importing Assets/Prefabs/TUK TUK.prefab using Guid(7fbbb6b37c556634b9c489da0c0c93af) Importer(815301076,1909f56bfc062723c751e8b465ee728b)  -> (artifact id: 'ae4a592032f360e2c9803c97919affa3') in 0.019458 seconds
  Import took 0.022371 seconds .

========================================================================
Received Import Request.
  Time since last request: 3.175791 seconds.
  path: Assets/Prefabs/TUK TUK.prefab
  artifactKey: Guid(7fbbb6b37c556634b9c489da0c0c93af) Importer(815301076,1909f56bfc062723c751e8b465ee728b)
Start importing Assets/Prefabs/TUK TUK.prefab using Guid(7fbbb6b37c556634b9c489da0c0c93af) Importer(815301076,1909f56bfc062723c751e8b465ee728b)  -> (artifact id: '052c580d331c51f32f252135f575b82d') in 0.023497 seconds
  Import took 0.026426 seconds .

========================================================================
Received Import Request.
  Time since last request: 2.777034 seconds.
  path: Assets/Prefabs/YELLOW BUS.prefab
  artifactKey: Guid(576e57054ddf54645896bbb53ef236be) Importer(815301076,1909f56bfc062723c751e8b465ee728b)
Start importing Assets/Prefabs/YELLOW BUS.prefab using Guid(576e57054ddf54645896bbb53ef236be) Importer(815301076,1909f56bfc062723c751e8b465ee728b)  -> (artifact id: '84cb67be13ebfca17de8010af04079a6') in 0.008881 seconds
  Import took 0.011721 seconds .

========================================================================
Received Import Request.
  Time since last request: 3.319437 seconds.
  path: Assets/Prefabs/YELLOW BUS.prefab
  artifactKey: Guid(576e57054ddf54645896bbb53ef236be) Importer(815301076,1909f56bfc062723c751e8b465ee728b)
Start importing Assets/Prefabs/YELLOW BUS.prefab using Guid(576e57054ddf54645896bbb53ef236be) Importer(815301076,1909f56bfc062723c751e8b465ee728b)  -> (artifact id: 'fd6900c0d0a9b4c2f28c629472826109') in 0.009557 seconds
  Import took 0.012266 seconds .

========================================================================
Received Prepare
Registering precompiled user dll's ...
Registered in 0.003627 seconds.
Begin MonoManager ReloadAssembly
Native extension for WindowsStandalone target not found
Native extension for WebGL target not found
Refreshing native plugins compatible for Editor in 0.33 ms, found 2 plugins.
Preloading 0 native plugins for Editor in 0.00 ms.
Mono: successfully reloaded assembly
- Completed reload, in  0.793 seconds
Platform modules already initialized, skipping
Refreshing native plugins compatible for Editor in 0.32 ms, found 2 plugins.
Preloading 0 native plugins for Editor in 0.00 ms.
Unloading 1480 Unused Serialized files (Serialized files now loaded: 0)
System memory in use before: 91.2 MB.
System memory in use after: 91.3 MB.

Unloading 14 unused Assets to reduce memory usage. Loaded Objects now: 2026.
Total: 1.841600 ms (FindLiveObjects: 0.145900 ms CreateObjectMapping: 0.042800 ms MarkObjects: 1.595600 ms  DeleteObjects: 0.056700 ms)

========================================================================
Received Import Request.
  Time since last request: 230.596700 seconds.
  path: Assets/Prefabs/TRUCK_BLUE.prefab
  artifactKey: Guid(d598b720cf31bd8438497a91965648ad) Importer(815301076,1909f56bfc062723c751e8b465ee728b)
Start importing Assets/Prefabs/TRUCK_BLUE.prefab using Guid(d598b720cf31bd8438497a91965648ad) Importer(815301076,1909f56bfc062723c751e8b465ee728b)  -> (artifact id: '6cd67b0e0c34853d9d38a41500f216e8') in 0.045878 seconds
  Import took 0.048418 seconds .

========================================================================
Received Import Request.
  Time since last request: 0.000247 seconds.
  path: Assets/Prefabs/RED BUS.prefab
  artifactKey: Guid(887d8b8a69db54d49af38baac7e7504a) Importer(815301076,1909f56bfc062723c751e8b465ee728b)
Start importing Assets/Prefabs/RED BUS.prefab using Guid(887d8b8a69db54d49af38baac7e7504a) Importer(815301076,1909f56bfc062723c751e8b465ee728b)  -> (artifact id: '51458720d96adf223619a66967b6a4ad') in 0.008030 seconds
  Import took 0.010424 seconds .

========================================================================
Received Import Request.
  Time since last request: 0.000248 seconds.
  path: Assets/Prefabs/BLUE CAR.prefab
  artifactKey: Guid(1cbb080807139094cb5b7bb4d9cf1e21) Importer(815301076,1909f56bfc062723c751e8b465ee728b)
Start importing Assets/Prefabs/BLUE CAR.prefab using Guid(1cbb080807139094cb5b7bb4d9cf1e21) Importer(815301076,1909f56bfc062723c751e8b465ee728b)  -> (artifact id: '3ee457789781cb41552ab0799dd16b81') in 0.007147 seconds
  Import took 0.009696 seconds .

========================================================================
Received Import Request.
  Time since last request: 0.000245 seconds.
  path: Assets/Prefabs/YELLOW BUS.prefab
  artifactKey: Guid(576e57054ddf54645896bbb53ef236be) Importer(815301076,1909f56bfc062723c751e8b465ee728b)
Start importing Assets/Prefabs/YELLOW BUS.prefab using Guid(576e57054ddf54645896bbb53ef236be) Importer(815301076,1909f56bfc062723c751e8b465ee728b)  -> (artifact id: '28aa39d1626d08a4b4deb90daf395a48') in 0.008320 seconds
  Import took 0.011343 seconds .

========================================================================
Received Import Request.
  Time since last request: 0.000253 seconds.
  path: Assets/Prefabs/TUK TUK.prefab
  artifactKey: Guid(7fbbb6b37c556634b9c489da0c0c93af) Importer(815301076,1909f56bfc062723c751e8b465ee728b)
Start importing Assets/Prefabs/TUK TUK.prefab using Guid(7fbbb6b37c556634b9c489da0c0c93af) Importer(815301076,1909f56bfc062723c751e8b465ee728b)  -> (artifact id: 'd3b3592fab193b255d7430c8c13af3d2') in 0.009815 seconds
  Import took 0.012488 seconds .

========================================================================
Received Import Request.
  Time since last request: 0.000274 seconds.
  path: Assets/Prefabs/YELLOW BUS.prefab
  artifactKey: Guid(576e57054ddf54645896bbb53ef236be) Importer(815301076,1909f56bfc062723c751e8b465ee728b)
Start importing Assets/Prefabs/YELLOW BUS.prefab using Guid(576e57054ddf54645896bbb53ef236be) Importer(815301076,1909f56bfc062723c751e8b465ee728b)  -> (artifact id: '28aa39d1626d08a4b4deb90daf395a48') in 0.007582 seconds
  Import took 0.010641 seconds .

========================================================================
Received Import Request.
  Time since last request: 91.312397 seconds.
  path: Assets/Scripts/GameManager.cs
  artifactKey: Guid(f79c90b7f53975740a5fda4596323b06) Importer(815301076,1909f56bfc062723c751e8b465ee728b)
Start importing Assets/Scripts/GameManager.cs using Guid(f79c90b7f53975740a5fda4596323b06) Importer(815301076,1909f56bfc062723c751e8b465ee728b)  -> (artifact id: '2c2ec6b907a053e919fd47343eb0ef4b') in 0.001131 seconds
  Import took 0.003389 seconds .

========================================================================
Received Import Request.
  Time since last request: 0.000846 seconds.
  path: Assets/Scripts/GameManager.cs
  artifactKey: Guid(f79c90b7f53975740a5fda4596323b06) Importer(815301076,1909f56bfc062723c751e8b465ee728b)
Start importing Assets/Scripts/GameManager.cs using Guid(f79c90b7f53975740a5fda4596323b06) Importer(815301076,1909f56bfc062723c751e8b465ee728b)  -> (artifact id: '2c2ec6b907a053e919fd47343eb0ef4b') in 0.001157 seconds
  Import took 0.003260 seconds .

========================================================================
Received Prepare
Registering precompiled user dll's ...
Registered in 0.002360 seconds.
Begin MonoManager ReloadAssembly
Native extension for WindowsStandalone target not found
Native extension for WebGL target not found
Refreshing native plugins compatible for Editor in 0.34 ms, found 2 plugins.
Preloading 0 native plugins for Editor in 0.00 ms.
Mono: successfully reloaded assembly
- Completed reload, in  0.785 seconds
Platform modules already initialized, skipping
Refreshing native plugins compatible for Editor in 0.33 ms, found 2 plugins.
Preloading 0 native plugins for Editor in 0.00 ms.
Unloading 1480 Unused Serialized files (Serialized files now loaded: 0)
System memory in use before: 91.3 MB.
System memory in use after: 91.4 MB.

Unloading 14 unused Assets to reduce memory usage. Loaded Objects now: 2030.
Total: 2.022800 ms (FindLiveObjects: 0.214100 ms CreateObjectMapping: 0.065900 ms MarkObjects: 1.689600 ms  DeleteObjects: 0.052500 ms)

AssetImportWorkerClient::OnTransportError - code=2 error=End of file
